<?xml version="1.0" encoding="UTF-8"?>
<!-- Generated by org.testng.reporters.JUnitReportReporter -->
<testsuite skipped="0" hostname="DESKTOP-KAP3EHJ" name="Jenkins.Test2" tests="2" failures="0" timestamp="2021-01-12T21:46:26 CST" time="0.009" errors="0">
  <testcase name="test2" time="0.004" classname="Jenkins.Test2"/>
  <testcase name="test2" time="0.005" classname="Jenkins.Test2"/>
</testsuite> <!-- Jenkins.Test2 -->
