<?xml version="1.0" encoding="UTF-8"?>
<!-- Generated by org.testng.reporters.JUnitReportReporter -->
<testsuite skipped="0" hostname="DESKTOP-KAP3EHJ" name="Assignment.TestNGTest" tests="2" failures="0" timestamp="2021-01-07T18:02:54 CST" time="0.017" errors="0">
  <testcase name="test" time="0.012" classname="Assignment.TestNGTest"/>
  <testcase name="test1" time="0.005" classname="Assignment.TestNGTest"/>
</testsuite> <!-- Assignment.TestNGTest -->
