<?xml version="1.0" encoding="UTF-8"?>
<!-- Generated by org.testng.reporters.JUnitReportReporter -->
<testsuite skipped="0" hostname="DESKTOP-KAP3EHJ" name="Jenkins.Test3" tests="2" failures="0" timestamp="2021-01-12T21:46:26 CST" time="0.005" errors="0">
  <testcase name="test3" time="0.003" classname="Jenkins.Test3"/>
  <testcase name="test3" time="0.002" classname="Jenkins.Test3"/>
</testsuite> <!-- Jenkins.Test3 -->
