<?xml version="1.0" encoding="UTF-8"?>
<!-- Generated by org.testng.reporters.JUnitReportReporter -->
<testsuite skipped="0" hostname="DESKTOP-KAP3EHJ" name="Jenkins.Test1" tests="2" failures="0" timestamp="2021-01-12T21:46:26 CST" time="0.019" errors="0">
  <testcase name="test1" time="0.016" classname="Jenkins.Test1"/>
  <testcase name="test1" time="0.003" classname="Jenkins.Test1"/>
</testsuite> <!-- Jenkins.Test1 -->
