<?xml version="1.0" encoding="UTF-8"?>
<!-- Generated by org.testng.reporters.JUnitReportReporter -->
<testsuite hostname="DESKTOP-KAP3EHJ" name="Jenkins.Test1" tests="3" failures="0" timestamp="13 Jan 2021 03:39:17 GMT" time="0.017" errors="0">
  <testcase name="test1" time="0.016" classname="Jenkins.Test1"/>
  <testcase name="test1" time="0.000" classname="Jenkins.Test1"/>
  <testcase name="test1" time="0.001" classname="Jenkins.Test1"/>
</testsuite> <!-- Jenkins.Test1 -->
