<?xml version="1.0" encoding="UTF-8"?>
<!-- Generated by org.testng.reporters.JUnitReportReporter -->
<testsuite hostname="DESKTOP-KAP3EHJ" name="Jenkins.Test2" tests="3" failures="0" timestamp="13 Jan 2021 03:39:17 GMT" time="0.004" errors="0">
  <testcase name="test1" time="0.000" classname="Jenkins.Test2"/>
  <testcase name="test1" time="0.004" classname="Jenkins.Test2"/>
  <testcase name="test1" time="0.000" classname="Jenkins.Test2"/>
</testsuite> <!-- Jenkins.Test2 -->
